# JRE version: OpenJDK Runtime Environment Temurin-17.0.12+7 (17.0.12+7) (build 17.0.12+7)
# Java VM: OpenJDK 64-Bit Server VM Temurin-17.0.12+7 (17.0.12+7, mixed mode, tiered, compressed oops, compressed class ptrs, parallel gc, windows-amd64)
GC Precious Log:
 CPUs: 12 total, 12 available
 Memory: 16278M
 Large Page Support: Disabled
 NUMA Support: Disabled
 Compressed Oops: Enabled (32-bit)
 Alignments: Space 512K, Generation 512K, Heap 2M
 Heap Min Capacity: 100M
 Heap Initial Capacity: 100M
 Heap Max Capacity: 1G
 Pre-touch: Disabled
 Parallel Workers: 10
Heap:
 PSYoungGen      total 24576K, used 21359K [0x00000000eab00000, 0x00000000ec580000, 0x0000000100000000)
  eden space 22016K, 87% used [0x00000000eab00000,0x00000000ebdc3d00,0x00000000ec080000)
  from space 2560K, 83% used [0x00000000ec300000,0x00000000ec518010,0x00000000ec580000)
  to   space 2560K, 0% used [0x00000000ec080000,0x00000000ec080000,0x00000000ec300000)
 ParOldGen       total 68608K, used 24751K [0x00000000c0000000, 0x00000000c4300000, 0x00000000eab00000)
  object space 68608K, 36% used [0x00000000c0000000,0x00000000c182bc48,0x00000000c4300000)
 Metaspace       used 41006K, committed 41728K, reserved 1114112K
  class space    used 4155K, committed 4480K, reserved 1048576K
GC Heap History (20 events):
Event: 6.511 GC heap before
{Heap before GC invocations=9 (full 1):
 PSYoungGen      total 27136K, used 27123K [0x00000000eab00000, 0x00000000ecc80000, 0x0000000100000000)
  eden space 24064K, 100% used [0x00000000eab00000,0x00000000ec280000,0x00000000ec280000)
  from space 3072K, 99% used [0x00000000ec300000,0x00000000ec5fcc90,0x00000000ec600000)
  to   space 5120K, 0% used [0x00000000ec780000,0x00000000ec780000,0x00000000ecc80000)
 ParOldGen       total 68608K, used 8168K [0x00000000c0000000, 0x00000000c4300000, 0x00000000eab00000)
  object space 68608K, 11% used [0x00000000c0000000,0x00000000c07fa348,0x00000000c4300000)
 Metaspace       used 34105K, committed 34752K, reserved 1114112K
  class space    used 3412K, committed 3648K, reserved 1048576K
}
Event: 6.513 GC heap after
{Heap after GC invocations=9 (full 1):
 PSYoungGen      total 28160K, used 4218K [0x00000000eab00000, 0x00000000ecc00000, 0x0000000100000000)
  eden space 23552K, 0% used [0x00000000eab00000,0x00000000eab00000,0x00000000ec200000)
  from space 4608K, 91% used [0x00000000ec780000,0x00000000ecb9e888,0x00000000ecc00000)
  to   space 4608K, 0% used [0x00000000ec300000,0x00000000ec300000,0x00000000ec780000)
 ParOldGen       total 68608K, used 8176K [0x00000000c0000000, 0x00000000c4300000, 0x00000000eab00000)
  object space 68608K, 11% used [0x00000000c0000000,0x00000000c07fc348,0x00000000c4300000)
 Metaspace       used 34105K, committed 34752K, reserved 1114112K
  class space    used 3412K, committed 3648K, reserved 1048576K
}
Event: 10.809 GC heap before
{Heap before GC invocations=10 (full 1):
 PSYoungGen      total 28160K, used 11719K [0x00000000eab00000, 0x00000000ecc00000, 0x0000000100000000)
  eden space 23552K, 31% used [0x00000000eab00000,0x00000000eb253578,0x00000000ec200000)
  from space 4608K, 91% used [0x00000000ec780000,0x00000000ecb9e888,0x00000000ecc00000)
  to   space 4608K, 0% used [0x00000000ec300000,0x00000000ec300000,0x00000000ec780000)
 ParOldGen       total 68608K, used 8176K [0x00000000c0000000, 0x00000000c4300000, 0x00000000eab00000)
  object space 68608K, 11% used [0x00000000c0000000,0x00000000c07fc348,0x00000000c4300000)
 Metaspace       used 35161K, committed 35840K, reserved 1114112K
  class space    used 3527K, committed 3840K, reserved 1048576K
}
Event: 10.812 GC heap after
{Heap after GC invocations=10 (full 1):
 PSYoungGen      total 27136K, used 3463K [0x00000000eab00000, 0x00000000eca00000, 0x0000000100000000)
  eden space 23552K, 0% used [0x00000000eab00000,0x00000000eab00000,0x00000000ec200000)
  from space 3584K, 96% used [0x00000000ec300000,0x00000000ec661f78,0x00000000ec680000)
  to   space 3584K, 0% used [0x00000000ec680000,0x00000000ec680000,0x00000000eca00000)
 ParOldGen       total 68608K, used 9640K [0x00000000c0000000, 0x00000000c4300000, 0x00000000eab00000)
  object space 68608K, 14% used [0x00000000c0000000,0x00000000c096a3a8,0x00000000c4300000)
 Metaspace       used 35161K, committed 35840K, reserved 1114112K
  class space    used 3527K, committed 3840K, reserved 1048576K
}
Event: 10.812 GC heap before
{Heap before GC invocations=11 (full 2):
 PSYoungGen      total 27136K, used 3463K [0x00000000eab00000, 0x00000000eca00000, 0x0000000100000000)
  eden space 23552K, 0% used [0x00000000eab00000,0x00000000eab00000,0x00000000ec200000)
  from space 3584K, 96% used [0x00000000ec300000,0x00000000ec661f78,0x00000000ec680000)
  to   space 3584K, 0% used [0x00000000ec680000,0x00000000ec680000,0x00000000eca00000)
 ParOldGen       total 68608K, used 9640K [0x00000000c0000000, 0x00000000c4300000, 0x00000000eab00000)
  object space 68608K, 14% used [0x00000000c0000000,0x00000000c096a3a8,0x00000000c4300000)
 Metaspace       used 35161K, committed 35840K, reserved 1114112K
  class space    used 3527K, committed 3840K, reserved 1048576K
}
Event: 10.831 GC heap after
{Heap after GC invocations=11 (full 2):
 PSYoungGen      total 27136K, used 0K [0x00000000eab00000, 0x00000000eca00000, 0x0000000100000000)
  eden space 23552K, 0% used [0x00000000eab00000,0x00000000eab00000,0x00000000ec200000)
  from space 3584K, 0% used [0x00000000ec300000,0x00000000ec300000,0x00000000ec680000)
  to   space 3584K, 0% used [0x00000000ec680000,0x00000000ec680000,0x00000000eca00000)
 ParOldGen       total 68608K, used 12655K [0x00000000c0000000, 0x00000000c4300000, 0x00000000eab00000)
  object space 68608K, 18% used [0x00000000c0000000,0x00000000c0c5bf08,0x00000000c4300000)
 Metaspace       used 35161K, committed 35840K, reserved 1114112K
  class space    used 3527K, committed 3840K, reserved 1048576K
}
Event: 11.525 GC heap before
{Heap before GC invocations=12 (full 2):
 PSYoungGen      total 27136K, used 23546K [0x00000000eab00000, 0x00000000eca00000, 0x0000000100000000)
  eden space 23552K, 99% used [0x00000000eab00000,0x00000000ec1feb08,0x00000000ec200000)
  from space 3584K, 0% used [0x00000000ec300000,0x00000000ec300000,0x00000000ec680000)
  to   space 3584K, 0% used [0x00000000ec680000,0x00000000ec680000,0x00000000eca00000)
 ParOldGen       total 68608K, used 12655K [0x00000000c0000000, 0x00000000c4300000, 0x00000000eab00000)
  object space 68608K, 18% used [0x00000000c0000000,0x00000000c0c5bf08,0x00000000c4300000)
 Metaspace       used 38726K, committed 39488K, reserved 1114112K
  class space    used 3890K, committed 4224K, reserved 1048576K
}
Event: 11.526 GC heap after
{Heap after GC invocations=12 (full 2):
 PSYoungGen      total 25088K, used 1980K [0x00000000eab00000, 0x00000000ec880000, 0x0000000100000000)
  eden space 23040K, 0% used [0x00000000eab00000,0x00000000eab00000,0x00000000ec180000)
  from space 2048K, 96% used [0x00000000ec680000,0x00000000ec86f358,0x00000000ec880000)
  to   space 3072K, 0% used [0x00000000ec280000,0x00000000ec280000,0x00000000ec580000)
 ParOldGen       total 68608K, used 12663K [0x00000000c0000000, 0x00000000c4300000, 0x00000000eab00000)
  object space 68608K, 18% used [0x00000000c0000000,0x00000000c0c5df08,0x00000000c4300000)
 Metaspace       used 38726K, committed 39488K, reserved 1114112K
  class space    used 3890K, committed 4224K, reserved 1048576K
}
Event: 12.083 GC heap before
{Heap before GC invocations=13 (full 2):
 PSYoungGen      total 25088K, used 25020K [0x00000000eab00000, 0x00000000ec880000, 0x0000000100000000)
  eden space 23040K, 100% used [0x00000000eab00000,0x00000000ec180000,0x00000000ec180000)
  from space 2048K, 96% used [0x00000000ec680000,0x00000000ec86f358,0x00000000ec880000)
  to   space 3072K, 0% used [0x00000000ec280000,0x00000000ec280000,0x00000000ec580000)
 ParOldGen       total 68608K, used 12663K [0x00000000c0000000, 0x00000000c4300000, 0x00000000eab00000)
  object space 68608K, 18% used [0x00000000c0000000,0x00000000c0c5df08,0x00000000c4300000)
 Metaspace       used 40654K, committed 41408K, reserved 1114112K
  class space    used 4131K, committed 4416K, reserved 1048576K
}
Event: 12.086 GC heap after
{Heap after GC invocations=13 (full 2):
 PSYoungGen      total 25600K, used 2596K [0x00000000eab00000, 0x00000000ec700000, 0x0000000100000000)
  eden space 22528K, 0% used [0x00000000eab00000,0x00000000eab00000,0x00000000ec100000)
  from space 3072K, 84% used [0x00000000ec280000,0x00000000ec509028,0x00000000ec580000)
  to   space 1536K, 0% used [0x00000000ec580000,0x00000000ec580000,0x00000000ec700000)
 ParOldGen       total 68608K, used 13595K [0x00000000c0000000, 0x00000000c4300000, 0x00000000eab00000)
  object space 68608K, 19% used [0x00000000c0000000,0x00000000c0d46c70,0x00000000c4300000)
 Metaspace       used 40654K, committed 41408K, reserved 1114112K
  class space    used 4131K, committed 4416K, reserved 1048576K
}
Event: 12.363 GC heap before
{Heap before GC invocations=14 (full 2):
 PSYoungGen      total 25600K, used 25124K [0x00000000eab00000, 0x00000000ec700000, 0x0000000100000000)
  eden space 22528K, 100% used [0x00000000eab00000,0x00000000ec100000,0x00000000ec100000)
  from space 3072K, 84% used [0x00000000ec280000,0x00000000ec509028,0x00000000ec580000)
  to   space 1536K, 0% used [0x00000000ec580000,0x00000000ec580000,0x00000000ec700000)
 ParOldGen       total 68608K, used 13595K [0x00000000c0000000, 0x00000000c4300000, 0x00000000eab00000)
  object space 68608K, 19% used [0x00000000c0000000,0x00000000c0d46c70,0x00000000c4300000)
 Metaspace       used 40762K, committed 41472K, reserved 1114112K
  class space    used 4138K, committed 4416K, reserved 1048576K
}
Event: 12.368 GC heap after
{Heap after GC invocations=14 (full 2):
 PSYoungGen      total 23552K, used 1521K [0x00000000eab00000, 0x00000000eca80000, 0x0000000100000000)
  eden space 22016K, 0% used [0x00000000eab00000,0x00000000eab00000,0x00000000ec080000)
  from space 1536K, 99% used [0x00000000ec580000,0x00000000ec6fc410,0x00000000ec700000)
  to   space 5120K, 0% used [0x00000000ec080000,0x00000000ec080000,0x00000000ec580000)
 ParOldGen       total 68608K, used 16491K [0x00000000c0000000, 0x00000000c4300000, 0x00000000eab00000)
  object space 68608K, 24% used [0x00000000c0000000,0x00000000c101aee0,0x00000000c4300000)
 Metaspace       used 40762K, committed 41472K, reserved 1114112K
  class space    used 4138K, committed 4416K, reserved 1048576K
}
Event: 12.491 GC heap before
{Heap before GC invocations=15 (full 2):
 PSYoungGen      total 23552K, used 23537K [0x00000000eab00000, 0x00000000eca80000, 0x0000000100000000)
  eden space 22016K, 100% used [0x00000000eab00000,0x00000000ec080000,0x00000000ec080000)
  from space 1536K, 99% used [0x00000000ec580000,0x00000000ec6fc410,0x00000000ec700000)
  to   space 5120K, 0% used [0x00000000ec080000,0x00000000ec080000,0x00000000ec580000)
 ParOldGen       total 68608K, used 16491K [0x00000000c0000000, 0x00000000c4300000, 0x00000000eab00000)
  object space 68608K, 24% used [0x00000000c0000000,0x00000000c101aee0,0x00000000c4300000)
 Metaspace       used 40794K, committed 41536K, reserved 1114112K
  class space    used 4138K, committed 4416K, reserved 1048576K
}
Event: 12.494 GC heap after
{Heap after GC invocations=15 (full 2):
 PSYoungGen      total 24576K, used 2146K [0x00000000eab00000, 0x00000000ec680000, 0x0000000100000000)
  eden space 22016K, 0% used [0x00000000eab00000,0x00000000eab00000,0x00000000ec080000)
  from space 2560K, 83% used [0x00000000ec080000,0x00000000ec298810,0x00000000ec300000)
  to   space 3072K, 0% used [0x00000000ec380000,0x00000000ec380000,0x00000000ec680000)
 ParOldGen       total 68608K, used 17899K [0x00000000c0000000, 0x00000000c4300000, 0x00000000eab00000)
  object space 68608K, 26% used [0x00000000c0000000,0x00000000c117aee0,0x00000000c4300000)
 Metaspace       used 40794K, committed 41536K, reserved 1114112K
  class space    used 4138K, committed 4416K, reserved 1048576K
}
Event: 12.656 GC heap before
{Heap before GC invocations=16 (full 2):
 PSYoungGen      total 24576K, used 24162K [0x00000000eab00000, 0x00000000ec680000, 0x0000000100000000)
  eden space 22016K, 100% used [0x00000000eab00000,0x00000000ec080000,0x00000000ec080000)
  from space 2560K, 83% used [0x00000000ec080000,0x00000000ec298810,0x00000000ec300000)
  to   space 3072K, 0% used [0x00000000ec380000,0x00000000ec380000,0x00000000ec680000)
 ParOldGen       total 68608K, used 17899K [0x00000000c0000000, 0x00000000c4300000, 0x00000000eab00000)
  object space 68608K, 26% used [0x00000000c0000000,0x00000000c117aee0,0x00000000c4300000)
 Metaspace       used 40939K, committed 41600K, reserved 1114112K
  class space    used 4148K, committed 4416K, reserved 1048576K
}
Event: 12.661 GC heap after
{Heap after GC invocations=16 (full 2):
 PSYoungGen      total 25088K, used 2541K [0x00000000eab00000, 0x00000000ec680000, 0x0000000100000000)
  eden space 22016K, 0% used [0x00000000eab00000,0x00000000eab00000,0x00000000ec080000)
  from space 3072K, 82% used [0x00000000ec380000,0x00000000ec5fb510,0x00000000ec680000)
  to   space 3072K, 0% used [0x00000000ec080000,0x00000000ec080000,0x00000000ec380000)
 ParOldGen       total 68608K, used 19885K [0x00000000c0000000, 0x00000000c4300000, 0x00000000eab00000)
  object space 68608K, 28% used [0x00000000c0000000,0x00000000c136b6f0,0x00000000c4300000)
 Metaspace       used 40939K, committed 41600K, reserved 1114112K
  class space    used 4148K, committed 4416K, reserved 1048576K
}
Event: 12.766 GC heap before
{Heap before GC invocations=17 (full 2):
 PSYoungGen      total 25088K, used 24557K [0x00000000eab00000, 0x00000000ec680000, 0x0000000100000000)
  eden space 22016K, 99% used [0x00000000eab00000,0x00000000ec07ffe8,0x00000000ec080000)
  from space 3072K, 82% used [0x00000000ec380000,0x00000000ec5fb510,0x00000000ec680000)
  to   space 3072K, 0% used [0x00000000ec080000,0x00000000ec080000,0x00000000ec380000)
 ParOldGen       total 68608K, used 19885K [0x00000000c0000000, 0x00000000c4300000, 0x00000000eab00000)
  object space 68608K, 28% used [0x00000000c0000000,0x00000000c136b6f0,0x00000000c4300000)
 Metaspace       used 41004K, committed 41728K, reserved 1114112K
  class space    used 4155K, committed 4480K, reserved 1048576K
}
Event: 12.771 GC heap after
{Heap after GC invocations=17 (full 2):
 PSYoungGen      total 24576K, used 2532K [0x00000000eab00000, 0x00000000ec580000, 0x0000000100000000)
  eden space 22016K, 0% used [0x00000000eab00000,0x00000000eab00000,0x00000000ec080000)
  from space 2560K, 98% used [0x00000000ec080000,0x00000000ec2f9020,0x00000000ec300000)
  to   space 2560K, 0% used [0x00000000ec300000,0x00000000ec300000,0x00000000ec580000)
 ParOldGen       total 68608K, used 22355K [0x00000000c0000000, 0x00000000c4300000, 0x00000000eab00000)
  object space 68608K, 32% used [0x00000000c0000000,0x00000000c15d4c28,0x00000000c4300000)
 Metaspace       used 41004K, committed 41728K, reserved 1114112K
  class space    used 4155K, committed 4480K, reserved 1048576K
}
Event: 12.839 GC heap before
{Heap before GC invocations=18 (full 2):
 PSYoungGen      total 24576K, used 24548K [0x00000000eab00000, 0x00000000ec580000, 0x0000000100000000)
  eden space 22016K, 100% used [0x00000000eab00000,0x00000000ec080000,0x00000000ec080000)
  from space 2560K, 98% used [0x00000000ec080000,0x00000000ec2f9020,0x00000000ec300000)
  to   space 2560K, 0% used [0x00000000ec300000,0x00000000ec300000,0x00000000ec580000)
 ParOldGen       total 68608K, used 22355K [0x00000000c0000000, 0x00000000c4300000, 0x00000000eab00000)
  object space 68608K, 32% used [0x00000000c0000000,0x00000000c15d4c28,0x00000000c4300000)
 Metaspace       used 41006K, committed 41728K, reserved 1114112K
  class space    used 4155K, committed 4480K, reserved 1048576K
}
Event: 12.844 GC heap after
{Heap after GC invocations=18 (full 2):
 PSYoungGen      total 24576K, used 2144K [0x00000000eab00000, 0x00000000ec580000, 0x0000000100000000)
  eden space 22016K, 0% used [0x00000000eab00000,0x00000000eab00000,0x00000000ec080000)
  from space 2560K, 83% used [0x00000000ec300000,0x00000000ec518010,0x00000000ec580000)
  to   space 2560K, 0% used [0x00000000ec080000,0x00000000ec080000,0x00000000ec300000)
 ParOldGen       total 68608K, used 24751K [0x00000000c0000000, 0x00000000c4300000, 0x00000000eab00000)
  object space 68608K, 36% used [0x00000000c0000000,0x00000000c182bc48,0x00000000c4300000)
 Metaspace       used 41006K, committed 41728K, reserved 1114112K
  class space    used 4155K, committed 4480K, reserved 1048576K
}

