# JRE version: OpenJDK Runtime Environment Temurin-17.0.12+7 (17.0.12+7) (build 17.0.12+7)
# Java VM: OpenJDK 64-Bit Server VM Temurin-17.0.12+7 (17.0.12+7, mixed mode, tiered, compressed oops, compressed class ptrs, parallel gc, windows-amd64)
GC Precious Log:
 CPUs: 12 total, 12 available
 Memory: 16278M
 Large Page Support: Disabled
 NUMA Support: Disabled
 Compressed Oops: Enabled (32-bit)
 Alignments: Space 512K, Generation 512K, Heap 2M
 Heap Min Capacity: 100M
 Heap Initial Capacity: 100M
 Heap Max Capacity: 1G
 Pre-touch: Disabled
 Parallel Workers: 10
Heap:
 PSYoungGen      total 19456K, used 10223K [0x00000000eab00000, 0x00000000ec380000, 0x0000000100000000)
  eden space 18944K, 51% used [0x00000000eab00000,0x00000000eb47dfc0,0x00000000ebd80000)
  from space 512K, 98% used [0x00000000ec300000,0x00000000ec37dfe8,0x00000000ec380000)
  to   space 2048K, 0% used [0x00000000ebf80000,0x00000000ebf80000,0x00000000ec180000)
 ParOldGen       total 68608K, used 35680K [0x00000000c0000000, 0x00000000c4300000, 0x00000000eab00000)
  object space 68608K, 52% used [0x00000000c0000000,0x00000000c22d82a0,0x00000000c4300000)
 Metaspace       used 62213K, committed 63360K, reserved 1114112K
  class space    used 7194K, committed 7680K, reserved 1048576K
GC Heap History (20 events):
Event: 9.559 GC heap before
{Heap before GC invocations=20 (full 2):
 PSYoungGen      total 24064K, used 23718K [0x00000000eab00000, 0x00000000ec480000, 0x0000000100000000)
  eden space 22016K, 99% used [0x00000000eab00000,0x00000000ec070338,0x00000000ec080000)
  from space 2048K, 86% used [0x00000000ec080000,0x00000000ec239728,0x00000000ec280000)
  to   space 2048K, 0% used [0x00000000ec280000,0x00000000ec280000,0x00000000ec480000)
 ParOldGen       total 68608K, used 20786K [0x00000000c0000000, 0x00000000c4300000, 0x00000000eab00000)
  object space 68608K, 30% used [0x00000000c0000000,0x00000000c144cb18,0x00000000c4300000)
 Metaspace       used 53594K, committed 54720K, reserved 1114112K
  class space    used 5901K, committed 6400K, reserved 1048576K
}
Event: 9.563 GC heap after
{Heap after GC invocations=20 (full 2):
 PSYoungGen      total 20992K, used 2032K [0x00000000eab00000, 0x00000000eca80000, 0x0000000100000000)
  eden space 18944K, 0% used [0x00000000eab00000,0x00000000eab00000,0x00000000ebd80000)
  from space 2048K, 99% used [0x00000000ec280000,0x00000000ec47c108,0x00000000ec480000)
  to   space 5120K, 0% used [0x00000000ebd80000,0x00000000ebd80000,0x00000000ec280000)
 ParOldGen       total 68608K, used 22946K [0x00000000c0000000, 0x00000000c4300000, 0x00000000eab00000)
  object space 68608K, 33% used [0x00000000c0000000,0x00000000c1668940,0x00000000c4300000)
 Metaspace       used 53594K, committed 54720K, reserved 1114112K
  class space    used 5901K, committed 6400K, reserved 1048576K
}
Event: 9.801 GC heap before
{Heap before GC invocations=21 (full 2):
 PSYoungGen      total 20992K, used 20976K [0x00000000eab00000, 0x00000000eca80000, 0x0000000100000000)
  eden space 18944K, 100% used [0x00000000eab00000,0x00000000ebd80000,0x00000000ebd80000)
  from space 2048K, 99% used [0x00000000ec280000,0x00000000ec47c108,0x00000000ec480000)
  to   space 5120K, 0% used [0x00000000ebd80000,0x00000000ebd80000,0x00000000ec280000)
 ParOldGen       total 68608K, used 22946K [0x00000000c0000000, 0x00000000c4300000, 0x00000000eab00000)
  object space 68608K, 33% used [0x00000000c0000000,0x00000000c1668940,0x00000000c4300000)
 Metaspace       used 54760K, committed 55872K, reserved 1114112K
  class space    used 6117K, committed 6592K, reserved 1048576K
}
Event: 9.803 GC heap after
{Heap after GC invocations=21 (full 2):
 PSYoungGen      total 24064K, used 5112K [0x00000000eab00000, 0x00000000ece80000, 0x0000000100000000)
  eden space 18944K, 0% used [0x00000000eab00000,0x00000000eab00000,0x00000000ebd80000)
  from space 5120K, 99% used [0x00000000ebd80000,0x00000000ec27e2c8,0x00000000ec280000)
  to   space 8704K, 0% used [0x00000000ec600000,0x00000000ec600000,0x00000000ece80000)
 ParOldGen       total 68608K, used 25622K [0x00000000c0000000, 0x00000000c4300000, 0x00000000eab00000)
  object space 68608K, 37% used [0x00000000c0000000,0x00000000c19058c0,0x00000000c4300000)
 Metaspace       used 54760K, committed 55872K, reserved 1114112K
  class space    used 6117K, committed 6592K, reserved 1048576K
}
Event: 10.137 GC heap before
{Heap before GC invocations=22 (full 2):
 PSYoungGen      total 24064K, used 24056K [0x00000000eab00000, 0x00000000ece80000, 0x0000000100000000)
  eden space 18944K, 100% used [0x00000000eab00000,0x00000000ebd80000,0x00000000ebd80000)
  from space 5120K, 99% used [0x00000000ebd80000,0x00000000ec27e2c8,0x00000000ec280000)
  to   space 8704K, 0% used [0x00000000ec600000,0x00000000ec600000,0x00000000ece80000)
 ParOldGen       total 68608K, used 25622K [0x00000000c0000000, 0x00000000c4300000, 0x00000000eab00000)
  object space 68608K, 37% used [0x00000000c0000000,0x00000000c19058c0,0x00000000c4300000)
 Metaspace       used 55567K, committed 56704K, reserved 1114112K
  class space    used 6235K, committed 6720K, reserved 1048576K
}
Event: 10.141 GC heap after
{Heap after GC invocations=22 (full 2):
 PSYoungGen      total 19968K, used 672K [0x00000000eab00000, 0x00000000ec700000, 0x0000000100000000)
  eden space 18944K, 0% used [0x00000000eab00000,0x00000000eab00000,0x00000000ebd80000)
  from space 1024K, 65% used [0x00000000ec600000,0x00000000ec6a8000,0x00000000ec700000)
  to   space 3584K, 0% used [0x00000000ec000000,0x00000000ec000000,0x00000000ec380000)
 ParOldGen       total 68608K, used 30728K [0x00000000c0000000, 0x00000000c4300000, 0x00000000eab00000)
  object space 68608K, 44% used [0x00000000c0000000,0x00000000c1e02348,0x00000000c4300000)
 Metaspace       used 55567K, committed 56704K, reserved 1114112K
  class space    used 6235K, committed 6720K, reserved 1048576K
}
Event: 10.515 GC heap before
{Heap before GC invocations=23 (full 2):
 PSYoungGen      total 19968K, used 19616K [0x00000000eab00000, 0x00000000ec700000, 0x0000000100000000)
  eden space 18944K, 100% used [0x00000000eab00000,0x00000000ebd80000,0x00000000ebd80000)
  from space 1024K, 65% used [0x00000000ec600000,0x00000000ec6a8000,0x00000000ec700000)
  to   space 3584K, 0% used [0x00000000ec000000,0x00000000ec000000,0x00000000ec380000)
 ParOldGen       total 68608K, used 30728K [0x00000000c0000000, 0x00000000c4300000, 0x00000000eab00000)
  object space 68608K, 44% used [0x00000000c0000000,0x00000000c1e02348,0x00000000c4300000)
 Metaspace       used 55593K, committed 56704K, reserved 1114112K
  class space    used 6235K, committed 6720K, reserved 1048576K
}
Event: 10.517 GC heap after
{Heap after GC invocations=23 (full 2):
 PSYoungGen      total 22528K, used 3574K [0x00000000eab00000, 0x00000000ec780000, 0x0000000100000000)
  eden space 18944K, 0% used [0x00000000eab00000,0x00000000eab00000,0x00000000ebd80000)
  from space 3584K, 99% used [0x00000000ec000000,0x00000000ec37daf8,0x00000000ec380000)
  to   space 4096K, 0% used [0x00000000ec380000,0x00000000ec380000,0x00000000ec780000)
 ParOldGen       total 68608K, used 31515K [0x00000000c0000000, 0x00000000c4300000, 0x00000000eab00000)
  object space 68608K, 45% used [0x00000000c0000000,0x00000000c1ec6d38,0x00000000c4300000)
 Metaspace       used 55593K, committed 56704K, reserved 1114112K
  class space    used 6235K, committed 6720K, reserved 1048576K
}
Event: 11.059 GC heap before
{Heap before GC invocations=24 (full 2):
 PSYoungGen      total 22528K, used 22518K [0x00000000eab00000, 0x00000000ec780000, 0x0000000100000000)
  eden space 18944K, 100% used [0x00000000eab00000,0x00000000ebd80000,0x00000000ebd80000)
  from space 3584K, 99% used [0x00000000ec000000,0x00000000ec37daf8,0x00000000ec380000)
  to   space 4096K, 0% used [0x00000000ec380000,0x00000000ec380000,0x00000000ec780000)
 ParOldGen       total 68608K, used 31515K [0x00000000c0000000, 0x00000000c4300000, 0x00000000eab00000)
  object space 68608K, 45% used [0x00000000c0000000,0x00000000c1ec6d38,0x00000000c4300000)
 Metaspace       used 56659K, committed 57792K, reserved 1114112K
  class space    used 6450K, committed 6912K, reserved 1048576K
}
Event: 11.063 GC heap after
{Heap after GC invocations=24 (full 2):
 PSYoungGen      total 20480K, used 1083K [0x00000000eab00000, 0x00000000ec500000, 0x0000000100000000)
  eden space 18944K, 0% used [0x00000000eab00000,0x00000000eab00000,0x00000000ebd80000)
  from space 1536K, 70% used [0x00000000ec380000,0x00000000ec48ed68,0x00000000ec500000)
  to   space 2560K, 0% used [0x00000000ec000000,0x00000000ec000000,0x00000000ec280000)
 ParOldGen       total 68608K, used 34957K [0x00000000c0000000, 0x00000000c4300000, 0x00000000eab00000)
  object space 68608K, 50% used [0x00000000c0000000,0x00000000c22236e8,0x00000000c4300000)
 Metaspace       used 56659K, committed 57792K, reserved 1114112K
  class space    used 6450K, committed 6912K, reserved 1048576K
}
Event: 11.450 GC heap before
{Heap before GC invocations=25 (full 2):
 PSYoungGen      total 20480K, used 20027K [0x00000000eab00000, 0x00000000ec500000, 0x0000000100000000)
  eden space 18944K, 100% used [0x00000000eab00000,0x00000000ebd80000,0x00000000ebd80000)
  from space 1536K, 70% used [0x00000000ec380000,0x00000000ec48ed68,0x00000000ec500000)
  to   space 2560K, 0% used [0x00000000ec000000,0x00000000ec000000,0x00000000ec280000)
 ParOldGen       total 68608K, used 34957K [0x00000000c0000000, 0x00000000c4300000, 0x00000000eab00000)
  object space 68608K, 50% used [0x00000000c0000000,0x00000000c22236e8,0x00000000c4300000)
 Metaspace       used 58673K, committed 59776K, reserved 1114112K
  class space    used 6782K, committed 7232K, reserved 1048576K
}
Event: 11.452 GC heap after
{Heap after GC invocations=25 (full 2):
 PSYoungGen      total 21504K, used 576K [0x00000000eab00000, 0x00000000ec400000, 0x0000000100000000)
  eden space 18944K, 0% used [0x00000000eab00000,0x00000000eab00000,0x00000000ebd80000)
  from space 2560K, 22% used [0x00000000ec000000,0x00000000ec090000,0x00000000ec280000)
  to   space 1024K, 0% used [0x00000000ec300000,0x00000000ec300000,0x00000000ec400000)
 ParOldGen       total 68608K, used 35835K [0x00000000c0000000, 0x00000000c4300000, 0x00000000eab00000)
  object space 68608K, 52% used [0x00000000c0000000,0x00000000c22fec30,0x00000000c4300000)
 Metaspace       used 58673K, committed 59776K, reserved 1114112K
  class space    used 6782K, committed 7232K, reserved 1048576K
}
Event: 11.463 GC heap before
{Heap before GC invocations=26 (full 2):
 PSYoungGen      total 21504K, used 1263K [0x00000000eab00000, 0x00000000ec400000, 0x0000000100000000)
  eden space 18944K, 3% used [0x00000000eab00000,0x00000000eababf50,0x00000000ebd80000)
  from space 2560K, 22% used [0x00000000ec000000,0x00000000ec090000,0x00000000ec280000)
  to   space 1024K, 0% used [0x00000000ec300000,0x00000000ec300000,0x00000000ec400000)
 ParOldGen       total 68608K, used 35835K [0x00000000c0000000, 0x00000000c4300000, 0x00000000eab00000)
  object space 68608K, 52% used [0x00000000c0000000,0x00000000c22fec30,0x00000000c4300000)
 Metaspace       used 58715K, committed 59776K, reserved 1114112K
  class space    used 6791K, committed 7232K, reserved 1048576K
}
Event: 11.465 GC heap after
{Heap after GC invocations=26 (full 2):
 PSYoungGen      total 19456K, used 240K [0x00000000eab00000, 0x00000000ec380000, 0x0000000100000000)
  eden space 18944K, 0% used [0x00000000eab00000,0x00000000eab00000,0x00000000ebd80000)
  from space 512K, 46% used [0x00000000ec300000,0x00000000ec33c010,0x00000000ec380000)
  to   space 512K, 0% used [0x00000000ec280000,0x00000000ec280000,0x00000000ec300000)
 ParOldGen       total 68608K, used 36231K [0x00000000c0000000, 0x00000000c4300000, 0x00000000eab00000)
  object space 68608K, 52% used [0x00000000c0000000,0x00000000c2361f88,0x00000000c4300000)
 Metaspace       used 58715K, committed 59776K, reserved 1114112K
  class space    used 6791K, committed 7232K, reserved 1048576K
}
Event: 11.465 GC heap before
{Heap before GC invocations=27 (full 3):
 PSYoungGen      total 19456K, used 240K [0x00000000eab00000, 0x00000000ec380000, 0x0000000100000000)
  eden space 18944K, 0% used [0x00000000eab00000,0x00000000eab00000,0x00000000ebd80000)
  from space 512K, 46% used [0x00000000ec300000,0x00000000ec33c010,0x00000000ec380000)
  to   space 512K, 0% used [0x00000000ec280000,0x00000000ec280000,0x00000000ec300000)
 ParOldGen       total 68608K, used 36231K [0x00000000c0000000, 0x00000000c4300000, 0x00000000eab00000)
  object space 68608K, 52% used [0x00000000c0000000,0x00000000c2361f88,0x00000000c4300000)
 Metaspace       used 58715K, committed 59776K, reserved 1114112K
  class space    used 6791K, committed 7232K, reserved 1048576K
}
Event: 11.514 GC heap after
{Heap after GC invocations=27 (full 3):
 PSYoungGen      total 19456K, used 0K [0x00000000eab00000, 0x00000000ec380000, 0x0000000100000000)
  eden space 18944K, 0% used [0x00000000eab00000,0x00000000eab00000,0x00000000ebd80000)
  from space 512K, 0% used [0x00000000ec300000,0x00000000ec300000,0x00000000ec380000)
  to   space 512K, 0% used [0x00000000ec280000,0x00000000ec280000,0x00000000ec300000)
 ParOldGen       total 68608K, used 34652K [0x00000000c0000000, 0x00000000c4300000, 0x00000000eab00000)
  object space 68608K, 50% used [0x00000000c0000000,0x00000000c21d7208,0x00000000c4300000)
 Metaspace       used 58689K, committed 59776K, reserved 1114112K
  class space    used 6784K, committed 7232K, reserved 1048576K
}
Event: 12.465 GC heap before
{Heap before GC invocations=28 (full 3):
 PSYoungGen      total 19456K, used 18944K [0x00000000eab00000, 0x00000000ec380000, 0x0000000100000000)
  eden space 18944K, 100% used [0x00000000eab00000,0x00000000ebd80000,0x00000000ebd80000)
  from space 512K, 0% used [0x00000000ec300000,0x00000000ec300000,0x00000000ec380000)
  to   space 512K, 0% used [0x00000000ec280000,0x00000000ec280000,0x00000000ec300000)
 ParOldGen       total 68608K, used 34652K [0x00000000c0000000, 0x00000000c4300000, 0x00000000eab00000)
  object space 68608K, 50% used [0x00000000c0000000,0x00000000c21d7208,0x00000000c4300000)
 Metaspace       used 59773K, committed 60800K, reserved 1114112K
  class space    used 6938K, committed 7360K, reserved 1048576K
}
Event: 12.465 GC heap after
{Heap after GC invocations=28 (full 3):
 PSYoungGen      total 19456K, used 473K [0x00000000eab00000, 0x00000000ec380000, 0x0000000100000000)
  eden space 18944K, 0% used [0x00000000eab00000,0x00000000eab00000,0x00000000ebd80000)
  from space 512K, 92% used [0x00000000ec280000,0x00000000ec2f6660,0x00000000ec300000)
  to   space 512K, 0% used [0x00000000ec300000,0x00000000ec300000,0x00000000ec380000)
 ParOldGen       total 68608K, used 34660K [0x00000000c0000000, 0x00000000c4300000, 0x00000000eab00000)
  object space 68608K, 50% used [0x00000000c0000000,0x00000000c21d9208,0x00000000c4300000)
 Metaspace       used 59773K, committed 60800K, reserved 1114112K
  class space    used 6938K, committed 7360K, reserved 1048576K
}
Event: 12.754 GC heap before
{Heap before GC invocations=29 (full 3):
 PSYoungGen      total 19456K, used 19417K [0x00000000eab00000, 0x00000000ec380000, 0x0000000100000000)
  eden space 18944K, 100% used [0x00000000eab00000,0x00000000ebd80000,0x00000000ebd80000)
  from space 512K, 92% used [0x00000000ec280000,0x00000000ec2f6660,0x00000000ec300000)
  to   space 512K, 0% used [0x00000000ec300000,0x00000000ec300000,0x00000000ec380000)
 ParOldGen       total 68608K, used 34660K [0x00000000c0000000, 0x00000000c4300000, 0x00000000eab00000)
  object space 68608K, 50% used [0x00000000c0000000,0x00000000c21d9208,0x00000000c4300000)
 Metaspace       used 61707K, committed 62848K, reserved 1114112K
  class space    used 7133K, committed 7616K, reserved 1048576K
}
Event: 12.756 GC heap after
{Heap after GC invocations=29 (full 3):
 PSYoungGen      total 19456K, used 503K [0x00000000eab00000, 0x00000000ec380000, 0x0000000100000000)
  eden space 18944K, 0% used [0x00000000eab00000,0x00000000eab00000,0x00000000ebd80000)
  from space 512K, 98% used [0x00000000ec300000,0x00000000ec37dfe8,0x00000000ec380000)
  to   space 2048K, 0% used [0x00000000ebf80000,0x00000000ebf80000,0x00000000ec180000)
 ParOldGen       total 68608K, used 35680K [0x00000000c0000000, 0x00000000c4300000, 0x00000000eab00000)
  object space 68608K, 52% used [0x00000000c0000000,0x00000000c22d82a0,0x00000000c4300000)
 Metaspace       used 61707K, committed 62848K, reserved 1114112K
  class space    used 7133K, committed 7616K, reserved 1048576K
}

